Flow Summary report for ModelLibrary
Tue Feb  9 12:40:14 2016
Quartus II 64-Bit Version 14.0.0 Build 200 06/17/2014 SJ Full Version


---------------------
; Table of Contents ;
---------------------
  1. Legal Notice
  2. Flow Summary



----------------
; Legal Notice ;
----------------
Copyright (C) 1991-2014 Altera Corporation. All rights reserved.
Your use of Altera Corporation's design tools, logic functions 
and other software and tools, and its AMPP partner logic 
functions, and any output files from any of the foregoing 
(including device programming or simulation files), and any 
associated documentation or information are expressly subject 
to the terms and conditions of the Altera Program License 
Subscription Agreement, the Altera Quartus II License Agreement,
the Altera MegaCore Function License Agreement, or other 
applicable license agreement, including, without limitation, 
that your use is for the sole purpose of programming logic 
devices manufactured by Altera and sold by Altera or its 
authorized distributors.  Please refer to the applicable 
agreement for further details.



+---------------------------------------------------------------------------------+
; Flow Summary                                                                    ;
+-----------------------------------+---------------------------------------------+
; Flow Status                       ; Successful - Tue Feb  9 12:39:49 2016       ;
; Quartus II 64-Bit Version         ; 14.0.0 Build 200 06/17/2014 SJ Full Version ;
; Revision Name                     ; ModelLibrary                                ;
; Top-level Entity Name             ; ModelLibrary                                ;
; Family                            ; Stratix IV                                  ;
; Device                            ; EP4SGX530KH40C2                             ;
; Timing Models                     ; Final                                       ;
; Logic utilization                 ; < 1 %                                       ;
;     Combinational ALUTs           ; 3,054 / 424,960 ( < 1 % )                   ;
;     Memory ALUTs                  ; 0 / 212,480 ( 0 % )                         ;
;     Dedicated logic registers     ; 743 / 424,960 ( < 1 % )                     ;
; Total registers                   ; 743                                         ;
; Total pins                        ; 19 / 888 ( 2 % )                            ;
; Total virtual pins                ; 0                                           ;
; Total block memory bits           ; 57,344 / 21,233,664 ( < 1 % )               ;
; DSP block 18-bit elements         ; 4 / 1,024 ( < 1 % )                         ;
; Total GXB Receiver Channel PCS    ; 0 / 24 ( 0 % )                              ;
; Total GXB Receiver Channel PMA    ; 0 / 36 ( 0 % )                              ;
; Total GXB Transmitter Channel PCS ; 0 / 24 ( 0 % )                              ;
; Total GXB Transmitter Channel PMA ; 0 / 36 ( 0 % )                              ;
; Total PLLs                        ; 1 / 8 ( 13 % )                              ;
; Total DLLs                        ; 0 / 4 ( 0 % )                               ;
+-----------------------------------+---------------------------------------------+


