IP Upgrade report for ModelLibrary
Mon Jul  4 17:20:28 2016
Quartus Prime Version 15.1.2 Build 193 02/01/2016 SJ Standard Edition


---------------------
; Table of Contents ;
---------------------
  1. Legal Notice
  2. IP Upgrade Summary
  3. IP Upgrade Messages



----------------
; Legal Notice ;
----------------
Copyright (C) 1991-2016 Altera Corporation. All rights reserved.
Your use of Altera Corporation's design tools, logic functions 
and other software and tools, and its AMPP partner logic 
functions, and any output files from any of the foregoing 
(including device programming or simulation files), and any 
associated documentation or information are expressly subject 
to the terms and conditions of the Altera Program License 
Subscription Agreement, the Altera Quartus Prime License Agreement,
the Altera MegaCore Function License Agreement, or other 
applicable license agreement, including, without limitation, 
that your use is for the sole purpose of programming logic 
devices manufactured by Altera and sold by Altera or its 
authorized distributors.  Please refer to the applicable 
agreement for further details.



+--------------------------------------------------------------------------------+
; IP Upgrade Summary                                                             ;
+------------------------------+-------------------------------------------------+
; IP Components Upgrade Status ; Failed - Mon Jul  4 17:20:28 2016               ;
; Quartus Prime Version        ; 15.1.2 Build 193 02/01/2016 SJ Standard Edition ;
; Revision Name                ; ModelLibrary                                    ;
; Top-level Entity Name        ; ModelLibrary                                    ;
; Family                       ; Stratix V                                       ;
+------------------------------+-------------------------------------------------+


+---------------------+
; IP Upgrade Messages ;
+---------------------+
Info (23030): Evaluation of Tcl script /home/pedromachado/altera/15.1/quartus/common/tcl/internal/ip_regen/ip_regen.tcl was successful
Info: Quartus Prime Shell was successful. 0 errors, 0 warnings
    Info: Peak virtual memory: 1326 megabytes
    Info: Processing ended: Mon Jul  4 17:20:28 2016
    Info: Elapsed time: 00:00:11
    Info: Total CPU time (on all processors): 00:00:34


